2019-09-24 21:29:05,982  INFO [main] nopCommerceSDET:33 - ************* Launching Browser *****************
2019-09-24 21:29:06,013  INFO [main] nopCommerceSDET:39 - ************* Opening URL  *****************
2019-09-24 21:29:09,761  INFO [main] nopCommerceSDET:46 - ************* Prvding user and password *****************
2019-09-24 21:29:10,175  INFO [main] nopCommerceSDET:53 - ************* click on login *****************
2019-09-24 21:29:17,120  INFO [main] nopCommerceSDET:94 - ********* Verifying Dashboad page title after login successful **************
2019-09-24 21:29:20,155  INFO [main] nopCommerceSDET:101 - ********* Clicking on customer main menu **************
2019-09-24 21:29:22,294  INFO [main] nopCommerceSDET:108 - ********* Clicking on customer sub menu **************
2019-09-24 21:29:34,916  INFO [main] nopCommerceSDET:145 - ********* Saving customer details **************
2019-09-24 21:29:39,107  INFO [main] nopCommerceSDET:84 - ************* cloding browser *****************
2019-09-24 21:29:42,151  INFO [main] nopCommerceSDET:33 - ************* Launching Browser *****************
2019-09-24 21:29:42,153  INFO [main] nopCommerceSDET:39 - ************* Opening URL  *****************
2019-09-24 21:29:44,922  INFO [main] nopCommerceSDET:46 - ************* Prvding user and password *****************
2019-09-24 21:29:45,318  INFO [main] nopCommerceSDET:53 - ************* click on login *****************
2019-09-24 21:29:51,379  INFO [main] nopCommerceSDET:94 - ********* Verifying Dashboad page title after login successful **************
2019-09-24 21:29:54,412  INFO [main] nopCommerceSDET:101 - ********* Clicking on customer main menu **************
2019-09-24 21:29:56,514  INFO [main] nopCommerceSDET:108 - ********* Clicking on customer sub menu **************
2019-09-24 21:29:57,856  INFO [main] nopCommerceSDET:160 - ********* Searching customer details by Email **************
2019-09-24 21:30:01,568  INFO [main] nopCommerceSDET:84 - ************* cloding browser *****************
2019-09-24 21:30:04,727  INFO [main] nopCommerceSDET:33 - ************* Launching Browser *****************
2019-09-24 21:30:04,730  INFO [main] nopCommerceSDET:39 - ************* Opening URL  *****************
2019-09-24 21:30:07,464  INFO [main] nopCommerceSDET:46 - ************* Prvding user and password *****************
2019-09-24 21:30:07,916  INFO [main] nopCommerceSDET:53 - ************* click on login *****************
2019-09-24 21:30:14,057  INFO [main] nopCommerceSDET:68 - ************* Login Passed *****************
2019-09-24 21:30:17,072  INFO [main] nopCommerceSDET:77 - ************* clciking on logout *****************
2019-09-24 21:30:21,708  INFO [main] nopCommerceSDET:68 - ************* Login Passed *****************
2019-09-24 21:30:24,719  INFO [main] nopCommerceSDET:84 - ************* cloding browser *****************
2019-09-24 21:43:04,275  INFO [main] nopCommerceSDET:62 - ************* Launching Browser *****************
2019-09-24 21:43:04,388  INFO [main] nopCommerceSDET:68 - ************* Opening URL  *****************
2019-09-24 21:43:07,442  INFO [main] nopCommerceSDET:75 - ************* Prvding user and password *****************
2019-09-24 21:43:07,629  INFO [main] nopCommerceSDET:82 - ************* click on login *****************
2019-09-24 21:43:15,948  INFO [main] nopCommerceSDET:123 - ********* Verifying Dashboad page title after login successful **************
2019-09-24 21:43:18,970  INFO [main] nopCommerceSDET:130 - ********* Clicking on customer main menu **************
2019-09-24 21:43:21,240  INFO [main] nopCommerceSDET:137 - ********* Clicking on customer sub menu **************
2019-09-24 21:43:36,019  INFO [main] nopCommerceSDET:174 - ********* Saving customer details **************
2019-09-24 21:43:41,304  INFO [main] nopCommerceSDET:113 - ************* cloding browser *****************
2019-09-24 21:43:51,860  INFO [main] nopCommerceSDET:62 - ************* Launching Browser *****************
2019-09-24 21:43:51,863  INFO [main] nopCommerceSDET:68 - ************* Opening URL  *****************
2019-09-24 21:43:55,183  INFO [main] nopCommerceSDET:75 - ************* Prvding user and password *****************
2019-09-24 21:43:55,423  INFO [main] nopCommerceSDET:82 - ************* click on login *****************
2019-09-24 21:44:08,100  INFO [main] nopCommerceSDET:123 - ********* Verifying Dashboad page title after login successful **************
2019-09-24 21:44:11,119  INFO [main] nopCommerceSDET:130 - ********* Clicking on customer main menu **************
2019-09-24 21:44:13,411  INFO [main] nopCommerceSDET:137 - ********* Clicking on customer sub menu **************
2019-09-24 21:44:15,250  INFO [main] nopCommerceSDET:189 - ********* Searching customer details by Email **************
2019-09-24 21:44:19,031  INFO [main] nopCommerceSDET:113 - ************* cloding browser *****************
2019-09-24 21:44:26,264  INFO [main] nopCommerceSDET:62 - ************* Launching Browser *****************
2019-09-24 21:44:26,275  INFO [main] nopCommerceSDET:68 - ************* Opening URL  *****************
2019-09-24 21:44:28,285  INFO [main] nopCommerceSDET:75 - ************* Prvding user and password *****************
2019-09-24 21:44:28,498  INFO [main] nopCommerceSDET:82 - ************* click on login *****************
2019-09-24 21:44:34,533  INFO [main] nopCommerceSDET:97 - ************* Login Passed *****************
2019-09-24 21:44:37,546  INFO [main] nopCommerceSDET:106 - ************* clciking on logout *****************
2019-09-24 21:44:42,088  INFO [main] nopCommerceSDET:97 - ************* Login Passed *****************
2019-09-24 21:44:45,098  INFO [main] nopCommerceSDET:113 - ************* cloding browser *****************
2019-09-24 21:53:34,775  INFO [main] nopCommerceSDET:62 - ************* Launching Browser *****************
2019-09-24 21:53:34,953  INFO [main] nopCommerceSDET:68 - ************* Opening URL  *****************
2019-09-24 21:53:38,470  INFO [main] nopCommerceSDET:75 - ************* Prvding user and password *****************
2019-09-24 21:53:38,747  INFO [main] nopCommerceSDET:82 - ************* click on login *****************
2019-09-24 21:53:46,860  INFO [main] nopCommerceSDET:123 - ********* Verifying Dashboad page title after login successful **************
2019-09-24 21:53:49,879  INFO [main] nopCommerceSDET:130 - ********* Clicking on customer main menu **************
2019-09-24 21:53:52,158  INFO [main] nopCommerceSDET:137 - ********* Clicking on customer sub menu **************
2019-09-24 21:54:05,797  INFO [main] nopCommerceSDET:174 - ********* Saving customer details **************
2019-09-24 21:54:11,194  INFO [main] nopCommerceSDET:113 - ************* cloding browser *****************
2019-09-24 21:54:19,851  INFO [main] nopCommerceSDET:62 - ************* Launching Browser *****************
2019-09-24 21:54:19,854  INFO [main] nopCommerceSDET:68 - ************* Opening URL  *****************
2019-09-24 21:54:22,091  INFO [main] nopCommerceSDET:75 - ************* Prvding user and password *****************
2019-09-24 21:54:22,275  INFO [main] nopCommerceSDET:82 - ************* click on login *****************
2019-09-24 21:54:27,912  INFO [main] nopCommerceSDET:97 - ************* Login Passed *****************
2019-09-24 21:54:30,927  INFO [main] nopCommerceSDET:106 - ************* clciking on logout *****************
2019-09-24 21:54:35,514  INFO [main] nopCommerceSDET:97 - ************* Login Passed *****************
2019-09-24 21:54:38,525  INFO [main] nopCommerceSDET:113 - ************* cloding browser *****************
2019-09-24 21:57:25,321  INFO [main] nopCommerceSDET:62 - ************* Launching Browser *****************
2019-09-24 21:57:25,386  INFO [main] nopCommerceSDET:68 - ************* Opening URL  *****************
2019-09-24 21:57:29,100  INFO [main] nopCommerceSDET:75 - ************* Prvding user and password *****************
2019-09-24 21:57:29,556  INFO [main] nopCommerceSDET:82 - ************* click on login *****************
2019-09-24 21:57:36,132  INFO [main] nopCommerceSDET:123 - ********* Verifying Dashboad page title after login successful **************
2019-09-24 21:57:39,161  INFO [main] nopCommerceSDET:130 - ********* Clicking on customer main menu **************
2019-09-24 21:57:41,302  INFO [main] nopCommerceSDET:137 - ********* Clicking on customer sub menu **************
2019-09-24 21:57:55,252  INFO [main] nopCommerceSDET:174 - ********* Saving customer details **************
2019-09-24 21:57:59,807  INFO [main] nopCommerceSDET:113 - ************* cloding browser *****************
2019-09-24 21:58:03,099  INFO [main] nopCommerceSDET:62 - ************* Launching Browser *****************
2019-09-24 21:58:03,103  INFO [main] nopCommerceSDET:68 - ************* Opening URL  *****************
2019-09-24 21:58:05,783  INFO [main] nopCommerceSDET:75 - ************* Prvding user and password *****************
2019-09-24 21:58:06,162  INFO [main] nopCommerceSDET:82 - ************* click on login *****************
2019-09-24 21:58:10,970  INFO [main] nopCommerceSDET:97 - ************* Login Passed *****************
2019-09-24 21:58:14,058  INFO [main] nopCommerceSDET:106 - ************* clciking on logout *****************
2019-09-24 21:58:18,564  INFO [main] nopCommerceSDET:97 - ************* Login Passed *****************
2019-09-24 21:58:21,580  INFO [main] nopCommerceSDET:113 - ************* cloding browser *****************
2019-09-24 22:00:00,634  INFO [main] nopCommerceSDET:62 - ************* Launching Browser *****************
2019-09-24 22:00:00,743  INFO [main] nopCommerceSDET:68 - ************* Opening URL  *****************
2019-09-24 22:00:06,151  INFO [main] nopCommerceSDET:75 - ************* Prvding user and password *****************
2019-09-24 22:00:06,603  INFO [main] nopCommerceSDET:82 - ************* click on login *****************
2019-09-24 22:00:29,387  INFO [main] nopCommerceSDET:123 - ********* Verifying Dashboad page title after login successful **************
2019-09-24 22:00:32,518  INFO [main] nopCommerceSDET:130 - ********* Clicking on customer main menu **************
2019-09-24 22:00:34,702  INFO [main] nopCommerceSDET:137 - ********* Clicking on customer sub menu **************
2019-09-24 22:00:50,194  INFO [main] nopCommerceSDET:174 - ********* Saving customer details **************
2019-09-24 22:00:55,005  INFO [main] nopCommerceSDET:113 - ************* cloding browser *****************
2019-09-24 22:00:58,326  INFO [main] nopCommerceSDET:62 - ************* Launching Browser *****************
2019-09-24 22:00:58,327  INFO [main] nopCommerceSDET:68 - ************* Opening URL  *****************
2019-09-24 22:01:02,171  INFO [main] nopCommerceSDET:75 - ************* Prvding user and password *****************
2019-09-24 22:01:02,615  INFO [main] nopCommerceSDET:82 - ************* click on login *****************
2019-09-24 22:01:10,604  INFO [main] nopCommerceSDET:97 - ************* Login Passed *****************
2019-09-24 22:01:13,696  INFO [main] nopCommerceSDET:106 - ************* clciking on logout *****************
2019-09-24 22:01:19,540  INFO [main] nopCommerceSDET:97 - ************* Login Passed *****************
2019-09-24 22:01:22,560  INFO [main] nopCommerceSDET:113 - ************* cloding browser *****************
2019-09-24 22:06:50,066  INFO [main] nopCommerceSDET:62 - ************* Launching Browser *****************
2019-09-24 22:06:50,120  INFO [main] nopCommerceSDET:68 - ************* Opening URL  *****************
2019-09-24 22:06:54,835  INFO [main] nopCommerceSDET:75 - ************* Prvding user and password *****************
2019-09-24 22:06:55,272  INFO [main] nopCommerceSDET:82 - ************* click on login *****************
2019-09-24 22:07:02,089  INFO [main] nopCommerceSDET:123 - ********* Verifying Dashboad page title after login successful **************
2019-09-24 22:07:05,112  INFO [main] nopCommerceSDET:130 - ********* Clicking on customer main menu **************
2019-09-24 22:07:07,213  INFO [main] nopCommerceSDET:137 - ********* Clicking on customer sub menu **************
2019-09-24 22:07:20,301  INFO [main] nopCommerceSDET:174 - ********* Saving customer details **************
2019-09-24 22:07:24,646  INFO [main] nopCommerceSDET:113 - ************* cloding browser *****************
2019-09-24 22:07:27,888  INFO [main] nopCommerceSDET:62 - ************* Launching Browser *****************
2019-09-24 22:07:27,890  INFO [main] nopCommerceSDET:68 - ************* Opening URL  *****************
2019-09-24 22:07:31,890  INFO [main] nopCommerceSDET:75 - ************* Prvding user and password *****************
2019-09-24 22:07:32,340  INFO [main] nopCommerceSDET:82 - ************* click on login *****************
2019-09-24 22:07:38,918  INFO [main] nopCommerceSDET:97 - ************* Login Passed *****************
2019-09-24 22:07:42,037  INFO [main] nopCommerceSDET:106 - ************* clciking on logout *****************
2019-09-24 22:07:46,555  INFO [main] nopCommerceSDET:97 - ************* Login Passed *****************
2019-09-24 22:07:49,582  INFO [main] nopCommerceSDET:113 - ************* cloding browser *****************
2019-09-24 22:11:20,734  INFO [main] nopCommerceSDET:62 - ************* Launching Browser *****************
2019-09-24 22:11:20,779  INFO [main] nopCommerceSDET:68 - ************* Opening URL  *****************
2019-09-24 22:11:24,655  INFO [main] nopCommerceSDET:75 - ************* Prvding user and password *****************
2019-09-24 22:11:25,030  INFO [main] nopCommerceSDET:82 - ************* click on login *****************
2019-09-24 22:11:31,080  INFO [main] nopCommerceSDET:123 - ********* Verifying Dashboad page title after login successful **************
2019-09-24 22:11:34,105  INFO [main] nopCommerceSDET:130 - ********* Clicking on customer main menu **************
2019-09-24 22:11:36,208  INFO [main] nopCommerceSDET:137 - ********* Clicking on customer sub menu **************
2019-09-24 22:11:49,406  INFO [main] nopCommerceSDET:174 - ********* Saving customer details **************
2019-09-24 22:11:53,593  INFO [main] nopCommerceSDET:113 - ************* cloding browser *****************
2019-09-24 22:11:56,891  INFO [main] nopCommerceSDET:62 - ************* Launching Browser *****************
2019-09-24 22:11:56,893  INFO [main] nopCommerceSDET:68 - ************* Opening URL  *****************
2019-09-24 22:12:00,762  INFO [main] nopCommerceSDET:75 - ************* Prvding user and password *****************
2019-09-24 22:12:01,181  INFO [main] nopCommerceSDET:82 - ************* click on login *****************
2019-09-24 22:12:07,503  INFO [main] nopCommerceSDET:97 - ************* Login Passed *****************
2019-09-24 22:12:10,523  INFO [main] nopCommerceSDET:106 - ************* clciking on logout *****************
2019-09-24 22:12:15,036  INFO [main] nopCommerceSDET:97 - ************* Login Passed *****************
2019-09-24 22:12:18,051  INFO [main] nopCommerceSDET:113 - ************* cloding browser *****************
2021-06-08 12:38:40,287  INFO [main] nopCommerceSDET:62 - ************* Launching Browser *****************
2021-06-08 12:38:40,326  INFO [main] nopCommerceSDET:68 - ************* Opening URL  *****************
2021-06-08 12:38:42,880  INFO [main] nopCommerceSDET:75 - ************* Prvding user and password *****************
2021-06-08 12:38:43,196  INFO [main] nopCommerceSDET:82 - ************* click on login *****************
2021-06-08 12:38:44,950  INFO [main] nopCommerceSDET:62 - ************* Launching Browser *****************
2021-06-08 12:38:44,988  INFO [main] nopCommerceSDET:68 - ************* Opening URL  *****************
2021-06-08 12:38:48,032  INFO [main] nopCommerceSDET:75 - ************* Prvding user and password *****************
2021-06-08 12:38:48,311  INFO [main] nopCommerceSDET:82 - ************* click on login *****************
2021-06-08 12:38:49,768  INFO [main] nopCommerceSDET:62 - ************* Launching Browser *****************
2021-06-08 12:38:49,769  INFO [main] nopCommerceSDET:68 - ************* Opening URL  *****************
2021-06-08 12:38:52,976  INFO [main] nopCommerceSDET:75 - ************* Prvding user and password *****************
2021-06-08 12:38:53,251  INFO [main] nopCommerceSDET:82 - ************* click on login *****************
2021-06-08 12:40:03,237  INFO [main] nopCommerceSDET:62 - ************* Launching Browser *****************
2021-06-08 12:40:03,283  INFO [main] nopCommerceSDET:68 - ************* Opening URL  *****************
2021-06-08 12:40:06,102  INFO [main] nopCommerceSDET:75 - ************* Prvding user and password *****************
2021-06-08 12:40:06,364  INFO [main] nopCommerceSDET:82 - ************* click on login *****************
2021-06-08 12:40:07,991  INFO [main] nopCommerceSDET:62 - ************* Launching Browser *****************
2021-06-08 12:40:07,992  INFO [main] nopCommerceSDET:68 - ************* Opening URL  *****************
2021-06-08 12:40:10,788  INFO [main] nopCommerceSDET:75 - ************* Prvding user and password *****************
2021-06-08 12:40:11,060  INFO [main] nopCommerceSDET:82 - ************* click on login *****************
2021-06-08 12:40:12,682  INFO [main] nopCommerceSDET:62 - ************* Launching Browser *****************
2021-06-08 12:40:12,684  INFO [main] nopCommerceSDET:68 - ************* Opening URL  *****************
2021-06-08 12:40:18,517  INFO [main] nopCommerceSDET:75 - ************* Prvding user and password *****************
2021-06-08 12:40:18,791  INFO [main] nopCommerceSDET:82 - ************* click on login *****************
2021-06-08 12:42:32,078  INFO [main] nopCommerceSDET:62 - ************* Launching Browser *****************
2021-06-08 12:42:32,124  INFO [main] nopCommerceSDET:68 - ************* Opening URL  *****************
2021-06-08 12:42:34,759  INFO [main] nopCommerceSDET:75 - ************* Prvding user and password *****************
2021-06-08 12:42:35,044  INFO [main] nopCommerceSDET:82 - ************* click on login *****************
2021-06-08 12:42:36,550  INFO [main] nopCommerceSDET:62 - ************* Launching Browser *****************
2021-06-08 12:42:36,554  INFO [main] nopCommerceSDET:68 - ************* Opening URL  *****************
2021-06-08 12:42:40,097  INFO [main] nopCommerceSDET:75 - ************* Prvding user and password *****************
2021-06-08 12:42:40,379  INFO [main] nopCommerceSDET:82 - ************* click on login *****************
2021-06-08 12:43:56,515  INFO [main] nopCommerceSDET:62 - ************* Launching Browser *****************
2021-06-08 12:43:56,574  INFO [main] nopCommerceSDET:68 - ************* Opening URL  *****************
2021-06-08 12:43:58,927  INFO [main] nopCommerceSDET:75 - ************* Prvding user and password *****************
2021-06-08 12:43:59,205  INFO [main] nopCommerceSDET:82 - ************* click on login *****************
2021-06-08 12:49:49,438  INFO [main] nopCommerceSDET:62 - ************* Launching Browser *****************
2021-06-08 12:49:49,480  INFO [main] nopCommerceSDET:68 - ************* Opening URL  *****************
2021-06-08 12:49:55,475  INFO [main] nopCommerceSDET:75 - ************* Prvding user and password *****************
2021-06-08 12:49:55,765  INFO [main] nopCommerceSDET:82 - ************* click on login *****************
2021-06-08 12:50:03,740  INFO [main] nopCommerceSDET:123 - ********* Verifying Dashboad page title after login successful **************
2021-06-08 12:50:06,942  INFO [main] nopCommerceSDET:130 - ********* Clicking on customer main menu **************
2021-06-08 12:50:08,338  INFO [main] nopCommerceSDET:62 - ************* Launching Browser *****************
2021-06-08 12:50:08,341  INFO [main] nopCommerceSDET:68 - ************* Opening URL  *****************
2021-06-08 12:50:11,115  INFO [main] nopCommerceSDET:75 - ************* Prvding user and password *****************
2021-06-08 12:50:11,396  INFO [main] nopCommerceSDET:82 - ************* click on login *****************
2021-06-08 12:50:15,334  INFO [main] nopCommerceSDET:123 - ********* Verifying Dashboad page title after login successful **************
2021-06-08 12:50:18,522  INFO [main] nopCommerceSDET:130 - ********* Clicking on customer main menu **************
2021-06-08 12:50:20,101  INFO [main] nopCommerceSDET:62 - ************* Launching Browser *****************
2021-06-08 12:50:20,113  INFO [main] nopCommerceSDET:68 - ************* Opening URL  *****************
2021-06-08 12:50:23,371  INFO [main] nopCommerceSDET:75 - ************* Prvding user and password *****************
2021-06-08 12:50:23,639  INFO [main] nopCommerceSDET:82 - ************* click on login *****************
2021-06-08 12:50:28,408  INFO [main] nopCommerceSDET:123 - ********* Verifying Dashboad page title after login successful **************
2021-06-08 12:50:31,423  INFO [main] nopCommerceSDET:130 - ********* Clicking on customer main menu **************
2021-06-10 12:50:52,192  INFO [main] nopCommerceSDET:62 - ************* Launching Browser *****************
2021-06-10 12:50:52,235  INFO [main] nopCommerceSDET:68 - ************* Opening URL  *****************
2021-06-10 12:50:54,695  INFO [main] nopCommerceSDET:75 - ************* Prvding user and password *****************
2021-06-10 12:50:54,980  INFO [main] nopCommerceSDET:82 - ************* click on login *****************
2021-06-10 12:50:58,373  INFO [main] nopCommerceSDET:123 - ********* Verifying Dashboad page title after login successful **************
2021-06-10 12:51:01,559  INFO [main] nopCommerceSDET:130 - ********* Clicking on customer main menu **************
